

Services ID：1

开启TCP监听：0.0.0.0:4563'当前无服务进程'
(file: /d/www/api/cli/opensock.php;
 line: 187;
 function: d)
'当前无服务进程'
(file: /d/www/api/cli/opensock.php;
 line: 187;
 function: d)
'当前无服务进程'
(file: /d/www/api/cli/opensock.php;
 line: 187;
 function: d)
'当前无服务进程'
(file: /d/www/api/cli/opensock.php;
 line: 187;
 function: d)
'当前无服务进程'
(file: /d/www/api/cli/opensock.php;
 line: 187;
 function: d)
'当前无服务进程'
(file: /d/www/api/cli/opensock.php;
 line: 187;
 function: d)
'当前无服务进程'
(file: /d/www/api/cli/opensock.php;
 line: 187;
 function: d)
'当前无服务进程'
(file: /d/www/api/cli/opensock.php;
 line: 187;
 function: d)
'当前无服务进程'
(file: /d/www/api/cli/opensock.php;
 line: 187;
 function: d)
'当前无服务进程'
(file: /d/www/api/cli/opensock.php;
 line: 187;
 function: d)
'当前无服务进程'
(file: /d/www/api/cli/opensock.php;
 line: 187;
 function: d)
'当前无服务进程'
(file: /d/www/api/cli/opensock.php;
 line: 187;
 function: d)
'当前无服务进程'
(file: /d/www/api/cli/opensock.php;
 line: 187;
 function: d)
'当前无服务进程'
(file: /d/www/api/cli/opensock.php;
 line: 187;
 function: d)
'当前无服务进程'
(file: /d/www/api/cli/opensock.php;
 line: 187;
 function: d)
'当前无服务进程'
(file: /d/www/api/cli/opensock.php;
 line: 187;
 function: d)
'当前无服务进程'
(file: /d/www/api/cli/opensock.php;
 line: 187;
 function: d)
'当前无服务进程'
(file: /d/www/api/cli/opensock.php;
 line: 187;
 function: d)
'当前无服务进程'
(file: /d/www/api/cli/opensock.php;
 line: 187;
 function: d)
'当前无服务进程'
(file: /d/www/api/cli/opensock.php;
 line: 187;
 function: d)
'当前无服务进程'
(file: /d/www/api/cli/opensock.php;
 line: 187;
 function: d)
'当前无服务进程'
(file: /d/www/api/cli/opensock.php;
 line: 187;
 function: d)
'当前无服务进程'
(file: /d/www/api/cli/opensock.php;
 line: 187;
 function: d)
'当前无服务进程'
(file: /d/www/api/cli/opensock.php;
 line: 187;
 function: d)
'当前无服务进程'
(file: /d/www/api/cli/opensock.php;
 line: 187;
 function: d)
'当前无服务进程'
(file: /d/www/api/cli/opensock.php;
 line: 187;
 function: d)
'当前无服务进程'
(file: /d/www/api/cli/opensock.php;
 line: 187;
 function: d)
'当前无服务进程'
(file: /d/www/api/cli/opensock.php;
 line: 187;
 function: d)
'当前无服务进程'
(file: /d/www/api/cli/opensock.php;
 line: 187;
 function: d)
'当前无服务进程'
(file: /d/www/api/cli/opensock.php;
 line: 187;
 function: d)
'当前无服务进程'
(file: /d/www/api/cli/opensock.php;
 line: 187;
 function: d)
'当前无服务进程'
(file: /d/www/api/cli/opensock.php;
 line: 187;
 function: d)
'当前无服务进程'
(file: /d/www/api/cli/opensock.php;
 line: 187;
 function: d)
